<?xml version="1.0" encoding="UTF-8"?>
<testsuite xmlns:xsi="http://www.w3.org/2001/XMLSchema-instance" xsi:noNamespaceSchemaLocation="https://maven.apache.org/surefire/maven-surefire-plugin/xsd/surefire-test-report.xsd" name="cams.camp.CampControllerTest" time="0.544" tests="7" errors="0" skipped="0" failures="0">
  <properties>
    <property name="java.specification.version" value="21"/>
    <property name="sun.jnu.encoding" value="UTF-8"/>
    <property name="java.class.path" value="/Users/devlin/Documents/NTU School/SC2002/SC2002-CAMs/target/test-classes:/Users/devlin/Documents/NTU School/SC2002/SC2002-CAMs/target/classes:/Users/devlin/.m2/repository/commons-logging/commons-logging/1.2/commons-logging-1.2.jar:/Users/devlin/.m2/repository/org/apache/logging/log4j/log4j-core/2.21.1/log4j-core-2.21.1.jar:/Users/devlin/.m2/repository/org/apache/logging/log4j/log4j-api/2.21.1/log4j-api-2.21.1.jar:/Users/devlin/.m2/repository/org/springframework/security/spring-security-crypto/6.1.5/spring-security-crypto-6.1.5.jar:/Users/devlin/.m2/repository/org/junit/platform/junit-platform-launcher/1.10.1/junit-platform-launcher-1.10.1.jar:/Users/devlin/.m2/repository/org/junit/platform/junit-platform-engine/1.10.1/junit-platform-engine-1.10.1.jar:/Users/devlin/.m2/repository/org/opentest4j/opentest4j/1.3.0/opentest4j-1.3.0.jar:/Users/devlin/.m2/repository/org/junit/platform/junit-platform-commons/1.10.1/junit-platform-commons-1.10.1.jar:/Users/devlin/.m2/repository/org/apiguardian/apiguardian-api/1.1.2/apiguardian-api-1.1.2.jar:/Users/devlin/.m2/repository/org/hamcrest/hamcrest/2.2/hamcrest-2.2.jar:/Users/devlin/.m2/repository/org/junit/jupiter/junit-jupiter/5.10.1/junit-jupiter-5.10.1.jar:/Users/devlin/.m2/repository/org/junit/jupiter/junit-jupiter-api/5.10.1/junit-jupiter-api-5.10.1.jar:/Users/devlin/.m2/repository/org/junit/jupiter/junit-jupiter-params/5.10.1/junit-jupiter-params-5.10.1.jar:/Users/devlin/.m2/repository/org/junit/jupiter/junit-jupiter-engine/5.10.1/junit-jupiter-engine-5.10.1.jar:/Users/devlin/.m2/repository/org/apache/poi/poi/5.2.4/poi-5.2.4.jar:/Users/devlin/.m2/repository/commons-codec/commons-codec/1.16.0/commons-codec-1.16.0.jar:/Users/devlin/.m2/repository/org/apache/commons/commons-collections4/4.4/commons-collections4-4.4.jar:/Users/devlin/.m2/repository/org/apache/commons/commons-math3/3.6.1/commons-math3-3.6.1.jar:/Users/devlin/.m2/repository/commons-io/commons-io/2.13.0/commons-io-2.13.0.jar:/Users/devlin/.m2/repository/com/zaxxer/SparseBitSet/1.3/SparseBitSet-1.3.jar:/Users/devlin/.m2/repository/org/apache/poi/poi-ooxml/5.2.4/poi-ooxml-5.2.4.jar:/Users/devlin/.m2/repository/org/apache/poi/poi-ooxml-lite/5.2.4/poi-ooxml-lite-5.2.4.jar:/Users/devlin/.m2/repository/org/apache/xmlbeans/xmlbeans/5.1.1/xmlbeans-5.1.1.jar:/Users/devlin/.m2/repository/org/apache/commons/commons-compress/1.24.0/commons-compress-1.24.0.jar:/Users/devlin/.m2/repository/com/github/virtuald/curvesapi/1.08/curvesapi-1.08.jar:/Users/devlin/.m2/repository/org/scala-lang/scala-compiler/2.12.14/scala-compiler-2.12.14.jar:/Users/devlin/.m2/repository/org/scala-lang/scala-library/2.12.14/scala-library-2.12.14.jar:/Users/devlin/.m2/repository/org/scala-lang/scala-reflect/2.12.14/scala-reflect-2.12.14.jar:/Users/devlin/.m2/repository/org/scala-lang/modules/scala-xml_2.12/1.0.6/scala-xml_2.12-1.0.6.jar:/Users/devlin/.m2/repository/de/vandermeer/asciitable/0.3.2/asciitable-0.3.2.jar:/Users/devlin/.m2/repository/de/vandermeer/ascii-utf-themes/0.0.1/ascii-utf-themes-0.0.1.jar:/Users/devlin/.m2/repository/de/vandermeer/skb-interfaces/0.0.1/skb-interfaces-0.0.1.jar:/Users/devlin/.m2/repository/org/apache/commons/commons-lang3/3.4/commons-lang3-3.4.jar:/Users/devlin/.m2/repository/org/antlr/ST4/4.0.8/ST4-4.0.8.jar:/Users/devlin/.m2/repository/org/antlr/antlr-runtime/3.5.2/antlr-runtime-3.5.2.jar:/Users/devlin/.m2/repository/org/antlr/antlr4/4.5.1/antlr4-4.5.1.jar:/Users/devlin/.m2/repository/org/slf4j/slf4j-api/1.7.12/slf4j-api-1.7.12.jar:/Users/devlin/.m2/repository/de/vandermeer/char-translation/0.0.2/char-translation-0.0.2.jar:"/>
    <property name="java.vm.vendor" value="Homebrew"/>
    <property name="sun.arch.data.model" value="64"/>
    <property name="java.vendor.url" value="https://github.com/Homebrew/homebrew-core/issues"/>
    <property name="os.name" value="Mac OS X"/>
    <property name="java.vm.specification.version" value="21"/>
    <property name="sun.java.launcher" value="SUN_STANDARD"/>
    <property name="user.country" value="SG"/>
    <property name="sun.boot.library.path" value="/opt/homebrew/Cellar/openjdk/21.0.1/libexec/openjdk.jdk/Contents/Home/lib"/>
    <property name="sun.java.command" value="/Users/devlin/Documents/NTU School/SC2002/SC2002-CAMs/target/surefire/surefirebooter6509880826647307628.jar /Users/devlin/Documents/NTU School/SC2002/SC2002-CAMs/target/surefire 2023-11-20T00-43-24_100-jvmRun1 surefire120462564416199466tmp surefire_018039413934426989205tmp"/>
    <property name="http.nonProxyHosts" value="local|*.local|169.254/16|*.169.254/16"/>
    <property name="jdk.debug" value="release"/>
    <property name="surefire.test.class.path" value="/Users/devlin/Documents/NTU School/SC2002/SC2002-CAMs/target/test-classes:/Users/devlin/Documents/NTU School/SC2002/SC2002-CAMs/target/classes:/Users/devlin/.m2/repository/commons-logging/commons-logging/1.2/commons-logging-1.2.jar:/Users/devlin/.m2/repository/org/apache/logging/log4j/log4j-core/2.21.1/log4j-core-2.21.1.jar:/Users/devlin/.m2/repository/org/apache/logging/log4j/log4j-api/2.21.1/log4j-api-2.21.1.jar:/Users/devlin/.m2/repository/org/springframework/security/spring-security-crypto/6.1.5/spring-security-crypto-6.1.5.jar:/Users/devlin/.m2/repository/org/junit/platform/junit-platform-launcher/1.10.1/junit-platform-launcher-1.10.1.jar:/Users/devlin/.m2/repository/org/junit/platform/junit-platform-engine/1.10.1/junit-platform-engine-1.10.1.jar:/Users/devlin/.m2/repository/org/opentest4j/opentest4j/1.3.0/opentest4j-1.3.0.jar:/Users/devlin/.m2/repository/org/junit/platform/junit-platform-commons/1.10.1/junit-platform-commons-1.10.1.jar:/Users/devlin/.m2/repository/org/apiguardian/apiguardian-api/1.1.2/apiguardian-api-1.1.2.jar:/Users/devlin/.m2/repository/org/hamcrest/hamcrest/2.2/hamcrest-2.2.jar:/Users/devlin/.m2/repository/org/junit/jupiter/junit-jupiter/5.10.1/junit-jupiter-5.10.1.jar:/Users/devlin/.m2/repository/org/junit/jupiter/junit-jupiter-api/5.10.1/junit-jupiter-api-5.10.1.jar:/Users/devlin/.m2/repository/org/junit/jupiter/junit-jupiter-params/5.10.1/junit-jupiter-params-5.10.1.jar:/Users/devlin/.m2/repository/org/junit/jupiter/junit-jupiter-engine/5.10.1/junit-jupiter-engine-5.10.1.jar:/Users/devlin/.m2/repository/org/apache/poi/poi/5.2.4/poi-5.2.4.jar:/Users/devlin/.m2/repository/commons-codec/commons-codec/1.16.0/commons-codec-1.16.0.jar:/Users/devlin/.m2/repository/org/apache/commons/commons-collections4/4.4/commons-collections4-4.4.jar:/Users/devlin/.m2/repository/org/apache/commons/commons-math3/3.6.1/commons-math3-3.6.1.jar:/Users/devlin/.m2/repository/commons-io/commons-io/2.13.0/commons-io-2.13.0.jar:/Users/devlin/.m2/repository/com/zaxxer/SparseBitSet/1.3/SparseBitSet-1.3.jar:/Users/devlin/.m2/repository/org/apache/poi/poi-ooxml/5.2.4/poi-ooxml-5.2.4.jar:/Users/devlin/.m2/repository/org/apache/poi/poi-ooxml-lite/5.2.4/poi-ooxml-lite-5.2.4.jar:/Users/devlin/.m2/repository/org/apache/xmlbeans/xmlbeans/5.1.1/xmlbeans-5.1.1.jar:/Users/devlin/.m2/repository/org/apache/commons/commons-compress/1.24.0/commons-compress-1.24.0.jar:/Users/devlin/.m2/repository/com/github/virtuald/curvesapi/1.08/curvesapi-1.08.jar:/Users/devlin/.m2/repository/org/scala-lang/scala-compiler/2.12.14/scala-compiler-2.12.14.jar:/Users/devlin/.m2/repository/org/scala-lang/scala-library/2.12.14/scala-library-2.12.14.jar:/Users/devlin/.m2/repository/org/scala-lang/scala-reflect/2.12.14/scala-reflect-2.12.14.jar:/Users/devlin/.m2/repository/org/scala-lang/modules/scala-xml_2.12/1.0.6/scala-xml_2.12-1.0.6.jar:/Users/devlin/.m2/repository/de/vandermeer/asciitable/0.3.2/asciitable-0.3.2.jar:/Users/devlin/.m2/repository/de/vandermeer/ascii-utf-themes/0.0.1/ascii-utf-themes-0.0.1.jar:/Users/devlin/.m2/repository/de/vandermeer/skb-interfaces/0.0.1/skb-interfaces-0.0.1.jar:/Users/devlin/.m2/repository/org/apache/commons/commons-lang3/3.4/commons-lang3-3.4.jar:/Users/devlin/.m2/repository/org/antlr/ST4/4.0.8/ST4-4.0.8.jar:/Users/devlin/.m2/repository/org/antlr/antlr-runtime/3.5.2/antlr-runtime-3.5.2.jar:/Users/devlin/.m2/repository/org/antlr/antlr4/4.5.1/antlr4-4.5.1.jar:/Users/devlin/.m2/repository/org/slf4j/slf4j-api/1.7.12/slf4j-api-1.7.12.jar:/Users/devlin/.m2/repository/de/vandermeer/char-translation/0.0.2/char-translation-0.0.2.jar:"/>
    <property name="sun.cpu.endian" value="little"/>
    <property name="user.home" value="/Users/devlin"/>
    <property name="user.language" value="en"/>
    <property name="java.specification.vendor" value="Oracle Corporation"/>
    <property name="java.version.date" value="2023-10-17"/>
    <property name="java.home" value="/opt/homebrew/Cellar/openjdk/21.0.1/libexec/openjdk.jdk/Contents/Home"/>
    <property name="file.separator" value="/"/>
    <property name="basedir" value="/Users/devlin/Documents/NTU School/SC2002/SC2002-CAMs"/>
    <property name="java.vm.compressedOopsMode" value="Zero based"/>
    <property name="line.separator" value="&#10;"/>
    <property name="java.vm.specification.vendor" value="Oracle Corporation"/>
    <property name="java.specification.name" value="Java Platform API Specification"/>
    <property name="apple.awt.application.name" value="ForkedBooter"/>
    <property name="surefire.real.class.path" value="/Users/devlin/Documents/NTU School/SC2002/SC2002-CAMs/target/surefire/surefirebooter6509880826647307628.jar"/>
    <property name="sun.management.compiler" value="HotSpot 64-Bit Tiered Compilers"/>
    <property name="ftp.nonProxyHosts" value="local|*.local|169.254/16|*.169.254/16"/>
    <property name="java.runtime.version" value="21.0.1"/>
    <property name="user.name" value="devlin"/>
    <property name="stdout.encoding" value="UTF-8"/>
    <property name="path.separator" value=":"/>
    <property name="os.version" value="14.1.1"/>
    <property name="java.runtime.name" value="OpenJDK Runtime Environment"/>
    <property name="file.encoding" value="UTF-8"/>
    <property name="java.vm.name" value="OpenJDK 64-Bit Server VM"/>
    <property name="java.vendor.version" value="Homebrew"/>
    <property name="localRepository" value="/Users/devlin/.m2/repository"/>
    <property name="java.vendor.url.bug" value="https://github.com/Homebrew/homebrew-core/issues"/>
    <property name="java.io.tmpdir" value="/var/folders/4j/fys97w1n4yl57btcs729q1s00000gn/T/"/>
    <property name="java.version" value="21.0.1"/>
    <property name="user.dir" value="/Users/devlin/Documents/NTU School/SC2002/SC2002-CAMs"/>
    <property name="os.arch" value="aarch64"/>
    <property name="java.vm.specification.name" value="Java Virtual Machine Specification"/>
    <property name="native.encoding" value="UTF-8"/>
    <property name="java.library.path" value="/Users/devlin/Library/Java/Extensions:/Library/Java/Extensions:/Network/Library/Java/Extensions:/System/Library/Java/Extensions:/usr/lib/java:."/>
    <property name="java.vm.info" value="mixed mode, sharing"/>
    <property name="stderr.encoding" value="UTF-8"/>
    <property name="java.vendor" value="Homebrew"/>
    <property name="java.vm.version" value="21.0.1"/>
    <property name="sun.io.unicode.encoding" value="UnicodeBig"/>
    <property name="socksNonProxyHosts" value="local|*.local|169.254/16|*.169.254/16"/>
    <property name="java.class.version" value="65.0"/>
  </properties>
  <testcase name="deleteEmptyCampSuccessful" classname="cams.camp.CampControllerTest" time="0.005"/>
  <testcase name="getCampIgnoresCase" classname="cams.camp.CampControllerTest" time="0.001"/>
  <testcase name="createCampAddsToCampTable" classname="cams.camp.CampControllerTest" time="0"/>
  <testcase name="attendeeListHasAllAttendees" classname="cams.camp.CampControllerTest" time="0.005"/>
  <testcase name="deleteNonexistentCampThrows" classname="cams.camp.CampControllerTest" time="0"/>
  <testcase name="deleteNonemptyCampThrows" classname="cams.camp.CampControllerTest" time="0.001"/>
  <testcase name="performanceReportHasCommitteeAndPoints" classname="cams.camp.CampControllerTest" time="0.004"/>
</testsuite>